<?xml version="1.0" encoding="UTF-8"?>
<coverage generated="1762350419874" clover="3.2.0">
  <project timestamp="1762350419874" name="All files">
    <metrics statements="44" coveredstatements="43" conditionals="31" coveredconditionals="26" methods="6" coveredmethods="5" elements="81" coveredelements="74" complexity="0" loc="44" ncloc="44" packages="3" files="4" classes="4"/>
    <package name="decorators">
      <metrics statements="28" coveredstatements="27" conditionals="27" coveredconditionals="22" methods="3" coveredmethods="2"/>
      <file name="api-dual-response.decorator.ts" path="/Users/hernan.desouza/Documents/workspace/modo-llms-api-tools/lib/decorators/api-dual-response.decorator.ts">
        <metrics statements="19" coveredstatements="19" conditionals="21" coveredconditionals="19" methods="1" coveredmethods="1"/>
        <line num="1" count="1" type="stmt"/>
        <line num="2" count="1" type="stmt"/>
        <line num="3" count="1" type="stmt"/>
        <line num="35" count="1" type="cond" truecount="0" falsecount="1"/>
        <line num="44" count="7" type="stmt"/>
        <line num="47" count="7" type="cond" truecount="2" falsecount="0"/>
        <line num="49" count="7" type="stmt"/>
        <line num="52" count="7" type="cond" truecount="2" falsecount="0"/>
        <line num="53" count="1" type="stmt"/>
        <line num="54" count="6" type="cond" truecount="2" falsecount="0"/>
        <line num="55" count="1" type="stmt"/>
        <line num="57" count="5" type="stmt"/>
        <line num="61" count="7" type="cond" truecount="4" falsecount="0"/>
        <line num="63" count="5" type="stmt"/>
        <line num="85" count="2" type="cond" truecount="2" falsecount="0"/>
        <line num="87" count="1" type="stmt"/>
        <line num="101" count="1" type="cond" truecount="1" falsecount="1"/>
        <line num="103" count="1" type="stmt"/>
        <line num="120" count="7" type="stmt"/>
      </file>
      <file name="api-toon-response.decorator.ts" path="/Users/hernan.desouza/Documents/workspace/modo-llms-api-tools/lib/decorators/api-toon-response.decorator.ts">
        <metrics statements="9" coveredstatements="8" conditionals="6" coveredconditionals="3" methods="2" coveredmethods="1"/>
        <line num="1" count="1" type="stmt"/>
        <line num="2" count="1" type="stmt"/>
        <line num="3" count="1" type="stmt"/>
        <line num="12" count="1" type="stmt"/>
        <line num="16" count="4" type="cond" truecount="2" falsecount="0"/>
        <line num="22" count="4" type="stmt"/>
        <line num="24" count="4" type="stmt"/>
        <line num="56" count="1" type="stmt"/>
        <line num="60" count="0" type="stmt"/>
      </file>
    </package>
    <package name="interceptors">
      <metrics statements="13" coveredstatements="13" conditionals="4" coveredconditionals="4" methods="2" coveredmethods="2"/>
      <file name="toon.interceptor.ts" path="/Users/hernan.desouza/Documents/workspace/modo-llms-api-tools/lib/interceptors/toon.interceptor.ts">
        <metrics statements="13" coveredstatements="13" conditionals="4" coveredconditionals="4" methods="2" coveredmethods="2"/>
        <line num="1" count="1" type="stmt"/>
        <line num="3" count="1" type="stmt"/>
        <line num="4" count="1" type="stmt"/>
        <line num="11" count="1" type="stmt"/>
        <line num="13" count="10" type="stmt"/>
        <line num="14" count="10" type="stmt"/>
        <line num="17" count="10" type="cond" truecount="2" falsecount="0"/>
        <line num="20" count="10" type="stmt"/>
        <line num="22" count="10" type="stmt"/>
        <line num="24" count="10" type="cond" truecount="2" falsecount="0"/>
        <line num="26" count="3" type="stmt"/>
        <line num="29" count="3" type="stmt"/>
        <line num="33" count="7" type="stmt"/>
      </file>
    </package>
    <package name="utils">
      <metrics statements="3" coveredstatements="3" conditionals="0" coveredconditionals="0" methods="1" coveredmethods="1"/>
      <file name="toon-format.util.ts" path="/Users/hernan.desouza/Documents/workspace/modo-llms-api-tools/lib/utils/toon-format.util.ts">
        <metrics statements="3" coveredstatements="3" conditionals="0" coveredconditionals="0" methods="1" coveredmethods="1"/>
        <line num="1" count="4" type="stmt"/>
        <line num="18" count="4" type="stmt"/>
        <line num="26" count="24" type="stmt"/>
      </file>
    </package>
  </project>
</coverage>
