{"/Users/hernan.desouza/Documents/workspace/modo-llms-api-tools/lib/decorators/api-dual-response.decorator.ts": {"path":"/Users/hernan.desouza/Documents/workspace/modo-llms-api-tools/lib/decorators/api-dual-response.decorator.ts","statementMap":{"0":{"start":{"line":35,"column":0},"end":{"line":35,"column":16}},"1":{"start":{"line":1,"column":0},"end":{"line":1,"column":49}},"2":{"start":{"line":2,"column":0},"end":{"line":2,"column":59}},"3":{"start":{"line":3,"column":0},"end":{"line":3,"column":57}},"4":{"start":{"line":44,"column":6},"end":{"line":44,"column":13}},"5":{"start":{"line":47,"column":31},"end":{"line":47,"column":84}},"6":{"start":{"line":49,"column":62},"end":{"line":49,"column":64}},"7":{"start":{"line":52,"column":2},"end":{"line":58,"column":3}},"8":{"start":{"line":53,"column":4},"end":{"line":53,"column":53}},"9":{"start":{"line":54,"column":9},"end":{"line":58,"column":3}},"10":{"start":{"line":55,"column":4},"end":{"line":55,"column":53}},"11":{"start":{"line":57,"column":4},"end":{"line":57,"column":73}},"12":{"start":{"line":61,"column":2},"end":{"line":118,"column":3}},"13":{"start":{"line":63,"column":4},"end":{"line":84,"column":6}},"14":{"start":{"line":85,"column":9},"end":{"line":118,"column":3}},"15":{"start":{"line":87,"column":4},"end":{"line":100,"column":6}},"16":{"start":{"line":101,"column":9},"end":{"line":118,"column":3}},"17":{"start":{"line":103,"column":4},"end":{"line":117,"column":6}},"18":{"start":{"line":120,"column":2},"end":{"line":120,"column":40}}},"fnMap":{"0":{"name":"ApiDualResponse","decl":{"start":{"line":35,"column":16},"end":{"line":35,"column":31}},"loc":{"start":{"line":35,"column":65},"end":{"line":121,"column":1}}}},"branchMap":{"0":{"loc":{"start":{"line":35,"column":32},"end":{"line":35,"column":65}},"type":"default-arg","locations":[{"start":{"line":35,"column":63},"end":{"line":35,"column":65}}]},"1":{"loc":{"start":{"line":37,"column":4},"end":{"line":37,"column":37}},"type":"default-arg","locations":[{"start":{"line":37,"column":18},"end":{"line":37,"column":37}}]},"2":{"loc":{"start":{"line":38,"column":4},"end":{"line":38,"column":16}},"type":"default-arg","locations":[{"start":{"line":38,"column":13},"end":{"line":38,"column":16}}]},"3":{"loc":{"start":{"line":39,"column":4},"end":{"line":39,"column":54}},"type":"default-arg","locations":[{"start":{"line":39,"column":18},"end":{"line":39,"column":54}}]},"4":{"loc":{"start":{"line":41,"column":4},"end":{"line":41,"column":20}},"type":"default-arg","locations":[{"start":{"line":41,"column":15},"end":{"line":41,"column":20}}]},"5":{"loc":{"start":{"line":42,"column":4},"end":{"line":42,"column":20}},"type":"default-arg","locations":[{"start":{"line":42,"column":15},"end":{"line":42,"column":20}}]},"6":{"loc":{"start":{"line":43,"column":4},"end":{"line":43,"column":20}},"type":"default-arg","locations":[{"start":{"line":43,"column":18},"end":{"line":43,"column":20}}]},"7":{"loc":{"start":{"line":47,"column":31},"end":{"line":47,"column":84}},"type":"binary-expr","locations":[{"start":{"line":47,"column":31},"end":{"line":47,"column":42}},{"start":{"line":47,"column":46},"end":{"line":47,"column":84}}]},"8":{"loc":{"start":{"line":52,"column":2},"end":{"line":58,"column":3}},"type":"if","locations":[{"start":{"line":52,"column":2},"end":{"line":58,"column":3}},{"start":{"line":54,"column":9},"end":{"line":58,"column":3}}]},"9":{"loc":{"start":{"line":54,"column":9},"end":{"line":58,"column":3}},"type":"if","locations":[{"start":{"line":54,"column":9},"end":{"line":58,"column":3}},{"start":{"line":56,"column":9},"end":{"line":58,"column":3}}]},"10":{"loc":{"start":{"line":61,"column":2},"end":{"line":118,"column":3}},"type":"if","locations":[{"start":{"line":61,"column":2},"end":{"line":118,"column":3}},{"start":{"line":85,"column":9},"end":{"line":118,"column":3}}]},"11":{"loc":{"start":{"line":61,"column":6},"end":{"line":61,"column":28}},"type":"binary-expr","locations":[{"start":{"line":61,"column":6},"end":{"line":61,"column":15}},{"start":{"line":61,"column":19},"end":{"line":61,"column":28}}]},"12":{"loc":{"start":{"line":85,"column":9},"end":{"line":118,"column":3}},"type":"if","locations":[{"start":{"line":85,"column":9},"end":{"line":118,"column":3}},{"start":{"line":101,"column":9},"end":{"line":118,"column":3}}]},"13":{"loc":{"start":{"line":101,"column":9},"end":{"line":118,"column":3}},"type":"if","locations":[{"start":{"line":101,"column":9},"end":{"line":118,"column":3}},{"start":{},"end":{}}]}},"s":{"0":1,"1":1,"2":1,"3":1,"4":7,"5":7,"6":7,"7":7,"8":1,"9":6,"10":1,"11":5,"12":7,"13":5,"14":2,"15":1,"16":1,"17":1,"18":7},"f":{"0":7},"b":{"0":[0],"1":[6],"2":[6],"3":[6],"4":[6],"5":[6],"6":[7],"7":[7,6],"8":[1,6],"9":[1,5],"10":[5,2],"11":[7,6],"12":[1,1],"13":[1,0]}}
,"/Users/hernan.desouza/Documents/workspace/modo-llms-api-tools/lib/decorators/api-toon-response.decorator.ts": {"path":"/Users/hernan.desouza/Documents/workspace/modo-llms-api-tools/lib/decorators/api-toon-response.decorator.ts","statementMap":{"0":{"start":{"line":12,"column":0},"end":{"line":12,"column":16}},"1":{"start":{"line":56,"column":0},"end":{"line":56,"column":16}},"2":{"start":{"line":1,"column":0},"end":{"line":1,"column":49}},"3":{"start":{"line":2,"column":0},"end":{"line":2,"column":59}},"4":{"start":{"line":3,"column":0},"end":{"line":3,"column":57}},"5":{"start":{"line":16,"column":22},"end":{"line":19,"column":4}},"6":{"start":{"line":22,"column":22},"end":{"line":22,"column":47}},"7":{"start":{"line":24,"column":2},"end":{"line":47,"column":4}},"8":{"start":{"line":60,"column":2},"end":{"line":74,"column":4}}},"fnMap":{"0":{"name":"ApiToonResponse","decl":{"start":{"line":12,"column":16},"end":{"line":12,"column":31}},"loc":{"start":{"line":14,"column":19},"end":{"line":48,"column":1}}},"1":{"name":"ApiJsonResponse","decl":{"start":{"line":56,"column":16},"end":{"line":56,"column":31}},"loc":{"start":{"line":58,"column":19},"end":{"line":75,"column":1}}}},"branchMap":{"0":{"loc":{"start":{"line":13,"column":2},"end":{"line":13,"column":58}},"type":"default-arg","locations":[{"start":{"line":13,"column":24},"end":{"line":13,"column":58}}]},"1":{"loc":{"start":{"line":16,"column":22},"end":{"line":19,"column":4}},"type":"binary-expr","locations":[{"start":{"line":16,"column":22},"end":{"line":16,"column":33}},{"start":{"line":16,"column":37},"end":{"line":19,"column":4}}]},"2":{"loc":{"start":{"line":57,"column":2},"end":{"line":57,"column":51}},"type":"default-arg","locations":[{"start":{"line":57,"column":24},"end":{"line":57,"column":51}}]},"3":{"loc":{"start":{"line":69,"column":21},"end":{"line":69,"column":58}},"type":"binary-expr","locations":[{"start":{"line":69,"column":21},"end":{"line":69,"column":32}},{"start":{"line":69,"column":36},"end":{"line":69,"column":58}}]}},"s":{"0":1,"1":1,"2":1,"3":1,"4":1,"5":4,"6":4,"7":4,"8":0},"f":{"0":4,"1":0},"b":{"0":[1],"1":[4,3],"2":[0],"3":[0,0]}}
,"/Users/hernan.desouza/Documents/workspace/modo-llms-api-tools/lib/interceptors/toon.interceptor.ts": {"path":"/Users/hernan.desouza/Documents/workspace/modo-llms-api-tools/lib/interceptors/toon.interceptor.ts","statementMap":{"0":{"start":{"line":1,"column":0},"end":{"line":1,"column":92}},"1":{"start":{"line":3,"column":0},"end":{"line":3,"column":37}},"2":{"start":{"line":4,"column":0},"end":{"line":4,"column":57}},"3":{"start":{"line":11,"column":7},"end":{"line":37,"column":null}},"4":{"start":{"line":13,"column":20},"end":{"line":13,"column":55}},"5":{"start":{"line":14,"column":21},"end":{"line":14,"column":57}},"6":{"start":{"line":17,"column":25},"end":{"line":17,"column":56}},"7":{"start":{"line":20,"column":26},"end":{"line":20,"column":67}},"8":{"start":{"line":22,"column":4},"end":{"line":35,"column":6}},"9":{"start":{"line":24,"column":8},"end":{"line":30,"column":9}},"10":{"start":{"line":26,"column":10},"end":{"line":26,"column":65}},"11":{"start":{"line":29,"column":10},"end":{"line":29,"column":36}},"12":{"start":{"line":33,"column":8},"end":{"line":33,"column":20}},"13":{"start":{"line":11,"column":13},"end":{"line":11,"column":28}},"14":{"start":{"line":11,"column":13},"end":{"line":37,"column":null}}},"fnMap":{"0":{"name":"(anonymous_1)","decl":{"start":{"line":12,"column":2},"end":{"line":12,"column":11}},"loc":{"start":{"line":12,"column":56},"end":{"line":36,"column":3}}},"1":{"name":"(anonymous_2)","decl":{"start":{"line":23,"column":10},"end":{"line":23,"column":11}},"loc":{"start":{"line":23,"column":19},"end":{"line":34,"column":7}}}},"branchMap":{"0":{"loc":{"start":{"line":17,"column":25},"end":{"line":17,"column":56}},"type":"binary-expr","locations":[{"start":{"line":17,"column":25},"end":{"line":17,"column":50}},{"start":{"line":17,"column":54},"end":{"line":17,"column":56}}]},"1":{"loc":{"start":{"line":24,"column":8},"end":{"line":30,"column":9}},"type":"if","locations":[{"start":{"line":24,"column":8},"end":{"line":30,"column":9}},{"start":{},"end":{}}]}},"s":{"0":1,"1":1,"2":1,"3":1,"4":10,"5":10,"6":10,"7":10,"8":10,"9":10,"10":3,"11":3,"12":7,"13":1,"14":1},"f":{"0":10,"1":10},"b":{"0":[10,1],"1":[3,7]}}
,"/Users/hernan.desouza/Documents/workspace/modo-llms-api-tools/lib/utils/toon-format.util.ts": {"path":"/Users/hernan.desouza/Documents/workspace/modo-llms-api-tools/lib/utils/toon-format.util.ts","statementMap":{"0":{"start":{"line":18,"column":0},"end":{"line":18,"column":16}},"1":{"start":{"line":1,"column":0},"end":{"line":1,"column":43}},"2":{"start":{"line":26,"column":2},"end":{"line":26,"column":31}}},"fnMap":{"0":{"name":"toToonFormat","decl":{"start":{"line":18,"column":16},"end":{"line":18,"column":28}},"loc":{"start":{"line":24,"column":3},"end":{"line":27,"column":1}}}},"branchMap":{},"s":{"0":4,"1":4,"2":24},"f":{"0":24},"b":{}}
}
