TN:
SF:lib/decorators/api-dual-response.decorator.ts
FN:35,ApiDualResponse
FNF:1
FNH:1
FNDA:7,ApiDualResponse
DA:1,1
DA:2,1
DA:3,1
DA:35,1
DA:44,7
DA:47,7
DA:49,7
DA:52,7
DA:53,1
DA:54,6
DA:55,1
DA:57,5
DA:61,7
DA:63,5
DA:85,2
DA:87,1
DA:101,1
DA:103,1
DA:120,7
LF:19
LH:19
BRDA:35,0,0,0
BRDA:37,1,0,6
BRDA:38,2,0,6
BRDA:39,3,0,6
BRDA:41,4,0,6
BRDA:42,5,0,6
BRDA:43,6,0,7
BRDA:47,7,0,7
BRDA:47,7,1,6
BRDA:52,8,0,1
BRDA:52,8,1,6
BRDA:54,9,0,1
BRDA:54,9,1,5
BRDA:61,10,0,5
BRDA:61,10,1,2
BRDA:61,11,0,7
BRDA:61,11,1,6
BRDA:85,12,0,1
BRDA:85,12,1,1
BRDA:101,13,0,1
BRDA:101,13,1,0
BRF:21
BRH:19
end_of_record
TN:
SF:lib/decorators/api-toon-response.decorator.ts
FN:12,ApiToonResponse
FN:56,ApiJsonResponse
FNF:2
FNH:1
FNDA:4,ApiToonResponse
FNDA:0,ApiJsonResponse
DA:1,1
DA:2,1
DA:3,1
DA:12,1
DA:16,4
DA:22,4
DA:24,4
DA:56,1
DA:60,0
LF:9
LH:8
BRDA:13,0,0,1
BRDA:16,1,0,4
BRDA:16,1,1,3
BRDA:57,2,0,0
BRDA:69,3,0,0
BRDA:69,3,1,0
BRF:6
BRH:3
end_of_record
TN:
SF:lib/interceptors/toon.interceptor.ts
FN:12,(anonymous_1)
FN:23,(anonymous_2)
FNF:2
FNH:2
FNDA:10,(anonymous_1)
FNDA:10,(anonymous_2)
DA:1,1
DA:3,1
DA:4,1
DA:11,1
DA:13,10
DA:14,10
DA:17,10
DA:20,10
DA:22,10
DA:24,10
DA:26,3
DA:29,3
DA:33,7
LF:13
LH:13
BRDA:17,0,0,10
BRDA:17,0,1,1
BRDA:24,1,0,3
BRDA:24,1,1,7
BRF:4
BRH:4
end_of_record
TN:
SF:lib/utils/toon-format.util.ts
FN:18,toToonFormat
FNF:1
FNH:1
FNDA:24,toToonFormat
DA:1,4
DA:18,4
DA:26,24
LF:3
LH:3
BRF:0
BRH:0
end_of_record
